\BOOKMARK [0][]{chapter.1}{\376\377\0001\000\040\000I\000n\000t\000r\000o\000d\000u\000c\000t\000i\000o\000n\000\040\000t\000o\000\040\000q\000u\000a\000n\000t\000u\000m\000\040\000m\000e\000c\000h\000a\000i\000n\000c\000s}{}% 1
\BOOKMARK [1][]{section.1.1}{\376\377\0001\000.\0001\000\040\000L\000i\000n\000e\000a\000r\000\040\000a\000l\000g\000e\000b\000r\000a}{chapter.1}% 2
\BOOKMARK [2][]{subsection.1.1.1}{\376\377\0001\000.\0001\000.\0001\000\040\000B\000a\000s\000e\000s\000\040\000a\000n\000d\000\040\000l\000i\000n\000e\000a\000r\000\040\000i\000n\000d\000e\000p\000e\000n\000d\000e\000n\000c\000e}{section.1.1}% 3
\BOOKMARK [0][]{chapter.2}{\376\377\0002\000\040\000I\000n\000t\000r\000o\000d\000u\000c\000t\000i\000o\000n\000\040\000t\000o\000\040\000q\000u\000a\000n\000t\000u\000m\000\040\000m\000e\000c\000h\000a\000i\000n\000c\000s}{}% 4
\BOOKMARK [1][]{section.2.1}{\376\377\0002\000.\0001\000\040\000L\000i\000n\000e\000a\000r\000\040\000a\000l\000g\000e\000b\000r\000a}{chapter.2}% 5
\BOOKMARK [2][]{subsection.2.1.1}{\376\377\0002\000.\0001\000.\0001\000\040\000B\000a\000s\000e\000s\000\040\000a\000n\000d\000\040\000l\000i\000n\000e\000a\000r\000\040\000i\000n\000d\000e\000p\000e\000n\000d\000e\000n\000c\000e}{section.2.1}% 6
\BOOKMARK [2][]{subsection.2.1.2}{\376\377\0002\000.\0001\000.\0002\000\040\000T\000h\000e\000\040\000P\000a\000u\000l\000i\000\040\000m\000a\000t\000r\000i\000c\000e\000s\000:}{section.2.1}% 7
\BOOKMARK [2][]{subsection.2.1.3}{\376\377\0002\000.\0001\000.\0003\000\040\000I\000n\000n\000e\000r\000\040\000p\000r\000o\000d\000u\000c\000t\000s}{section.2.1}% 8
\BOOKMARK [2][]{subsection.2.1.4}{\376\377\0002\000.\0001\000.\0004\000\040\000E\000i\000g\000e\000n\000v\000e\000c\000t\000o\000r\000s\000\040\000a\000n\000d\000\040\000e\000i\000g\000e\000n\000v\000a\000l\000u\000e\000s}{section.2.1}% 9
\BOOKMARK [2][]{subsection.2.1.5}{\376\377\0002\000.\0001\000.\0005\000\040\000A\000d\000j\000o\000i\000n\000t\000s\000\040\000a\000n\000d\000\040\000H\000e\000r\000m\000i\000t\000i\000a\000n\000\040\000o\000p\000e\000r\000a\000t\000o\000r\000s}{section.2.1}% 10
\BOOKMARK [2][]{subsection.2.1.6}{\376\377\0002\000.\0001\000.\0006\000\040\000T\000e\000n\000s\000o\000r\000\040\000p\000r\000o\000d\000u\000c\000t}{section.2.1}% 11
\BOOKMARK [2][]{subsection.2.1.7}{\376\377\0002\000.\0001\000.\0007\000\040\000T\000h\000e\000\040\000c\000o\000m\000m\000u\000t\000a\000t\000o\000r\000\040\000a\000n\000d\000\040\000a\000n\000t\000i\000-\000c\000o\000m\000m\000u\000t\000a\000t\000o\000r}{section.2.1}% 12
\BOOKMARK [2][]{subsection.2.1.8}{\376\377\0002\000.\0001\000.\0008\000\040\000T\000h\000e\000\040\000p\000o\000l\000a\000r\000\040\000a\000n\000d\000\040\000s\000i\000n\000g\000u\000l\000a\000r\000\040\000v\000a\000l\000u\000e\000\040\000d\000e\000c\000o\000m\000p\000o\000s\000i\000t\000i\000o\000n\000s}{section.2.1}% 13
\BOOKMARK [1][]{section.2.2}{\376\377\0002\000.\0002\000\040\000S\000t\000a\000t\000e\000\040\000s\000p\000a\000c\000e}{chapter.2}% 14
\BOOKMARK [1][]{section.2.3}{\376\377\0002\000.\0003\000\040\000E\000v\000o\000l\000u\000t\000i\000o\000n}{chapter.2}% 15
\BOOKMARK [1][]{section*.2}{\376\377\176\303\116\140}{chapter.2}% 16
\BOOKMARK [1][]{section.2.4}{\376\377\0002\000.\0004\000\040\000A\000p\000p\000l\000i\000c\000a\000t\000i\000o\000n\000:\000\040\000s\000u\000p\000e\000r\000d\000e\000n\000s\000e\000\040\000c\000o\000d\000i\000n\000g}{chapter.2}% 17
\BOOKMARK [0][]{chapter.3}{\376\377\0003\000\040\0003}{}% 18
\BOOKMARK [0][]{chapter.4}{\376\377\0004\000\040\0004}{}% 19
\BOOKMARK [0][]{chapter.5}{\376\377\0005\000\040\0005}{}% 20
\BOOKMARK [0][]{appendix.A}{\376\377\000A\000\040\127\372\147\054\145\160\133\146\135\345\121\167}{}% 21
\BOOKMARK [1][]{section.A.1}{\376\377\000A\000.\0001\000\040\154\102\124\214\173\227\133\120\116\016\143\317\217\360\176\337\213\241\221\317}{appendix.A}% 22
